[INFO] Scanning for projects...
[INFO] 
[INFO] -------------------< ma.safar.morocco:Safar_Morocco >-------------------
[INFO] Building Safar_Morocco 0.0.1-SNAPSHOT
[INFO]   from pom.xml
[INFO] --------------------------------[ jar ]---------------------------------
[INFO] 
[INFO] --- clean:3.5.0:clean (default-clean) @ Safar_Morocco ---
[INFO] Deleting C:\Users\mynam\Desktop\PFE_finl\safar_morocco_backend\Safar_Morocco\target
[INFO] 
[INFO] --- resources:3.3.1:resources (default-resources) @ Safar_Morocco ---
[INFO] Copying 1 resource from src\main\resources to target\classes
[INFO] Copying 10 resources from src\main\resources to target\classes
[INFO] 
[INFO] --- compiler:3.14.1:compile (default-compile) @ Safar_Morocco ---
[INFO] Recompiling the module because of changed source code.
[INFO] Compiling 108 source files with javac [debug parameters release 17] to target\classes
[INFO] -------------------------------------------------------------
[ERROR] COMPILATION ERROR : 
[INFO] -------------------------------------------------------------
[ERROR] /C:/Users/mynam/Desktop/PFE_finl/safar_morocco_backend/Safar_Morocco/src/main/java/ma/safar/morocco/user/controller/ActivityLogController.java:[34,58] incompatible types: inference variable T has incompatible bounds
    equality constraints: java.util.Map<java.lang.String,java.lang.Object>
    lower bounds: java.util.Map<java.lang.String,java.lang.Object&java.io.Serializable&java.lang.Comparable<? extends java.lang.Comparable<?>>>
[INFO] 1 error
[INFO] -------------------------------------------------------------
[INFO] ------------------------------------------------------------------------
[INFO] BUILD FAILURE
[INFO] ------------------------------------------------------------------------
[INFO] Total time:  01:15 min
[INFO] Finished at: 2026-02-17T09:44:33Z
[INFO] ------------------------------------------------------------------------
[ERROR] Failed to execute goal org.apache.maven.plugins:maven-compiler-plugin:3.14.1:compile (default-compile) on project Safar_Morocco: Compilation failure
[ERROR] /C:/Users/mynam/Desktop/PFE_finl/safar_morocco_backend/Safar_Morocco/src/main/java/ma/safar/morocco/user/controller/ActivityLogController.java:[34,58] incompatible types: inference variable T has incompatible bounds
[ERROR]     equality constraints: java.util.Map<java.lang.String,java.lang.Object>
[ERROR]     lower bounds: java.util.Map<java.lang.String,java.lang.Object&java.io.Serializable&java.lang.Comparable<? extends java.lang.Comparable<?>>>
[ERROR] 
[ERROR] -> [Help 1]
[ERROR] 
[ERROR] To see the full stack trace of the errors, re-run Maven with the -e switch.
[ERROR] Re-run Maven using the -X switch to enable full debug logging.
[ERROR] 
[ERROR] For more information about the errors and possible solutions, please read the following articles:
[ERROR] [Help 1] http://cwiki.apache.org/confluence/display/MAVEN/MojoFailureException
